Sat 20 - 08:28
Testing

Sat 20 - 08:29
Testing

Sat 20 - 08:47
ddd

Sat 20 - 14:49
From Charge at Haritan, the word is prisoners

Sat 20 - 14:49
From "Three Faces of Sin", the word is directed

Sat 20 - 14:49
From "Kalmyk Steppe", the word is covered

Sat 20 - 14:50
From "Liam Feeney", the word is substitute

Sat 20 - 14:50
From "Val Hennessy", the word is portrait

Sat 20 - 14:50
From "Criticism of NASCAR", the word is sanctioning

Sat 20 - 19:11
From "Tout Seul", the word is trainer

Sat 20 - 19:12
From "Frank Keppel", the word is players

Sat 20 - 19:12
From "2011 WTA Tour Championships – Singles", the word is determined

Sat 20 - 19:13
From "Parsley", the word is species

Sat 20 - 19:14
From "Kurt Maflin", the word is multiple

Sat 20 - 19:14
From "The Marty Party Hit Pack", the word is released

Sat 20 - 19:15
From "Turkish Airlines Flight 158", the word is aircraft

Sat 20 - 19:18
From "Gowdy solution", the word is general

Sat 20 - 19:23
From "Henry Rudolph Immerwahr", the word is scholars

Sat 20 - 19:23
From "Encelia scaposa", the word is distribution

Sat 20 - 19:23
From "Cephisodotus the Younger", the word is brother

Sat 20 - 19:24
From "Atoy Wilson", the word is colspan=3

Sat 20 - 19:24
From "My Thomas Story Library", the word is published

Sat 20 - 19:26
From "Love Is the Ritual", the word is written

Sat 20 - 21:09
From "Highlands Ranch, Colorado", the word is counties

Sat 20 - 21:10
From "Lacrymosa (song)", the word is recorded

Sat 20 - 21:16
From "Rock & Roll Divorce", the word is recorded

Sat 20 - 21:18
From "Glasgow Mets", the word is division

Sat 20 - 21:21
From "Executive education", the word is approximately
Sat 20 - 21:38
From "Drew Berry", the word is scientifically

